<?xml version="1.0" encoding="UTF-8"?>
<!-- Generated by org.testng.reporters.JUnitXMLReporter -->
<testsuite ignored="0" hostname="MSI" failures="1" tests="14" name="Test" time="110.864" errors="0" timestamp="2024-09-26T22:18:46 IST">
  <testcase classname="apitestcase.CreatePlace" name="createNewPlaceGoggle" time="2.686"/>
  <testcase classname="apitestcase.Renumanaul" name="createplace" time="1.655"/>
  <testcase classname="apitestcase.Postreq" name="Postreq" time="1.615"/>
  <testcase classname="apitestcase.Postreq" name="getdata" time="2.187">
    <failure type="java.lang.AssertionError" message="1 expectation failed.
Expected status code &amp;lt;200&amp;gt; but was &amp;lt;404&amp;gt;.
">
      <![CDATA[java.lang.AssertionError: 1 expectation failed.
Expected status code <200> but was <404>.

at org.codehaus.groovy.runtime.callsite.ConstructorSite$ConstructorSiteNoUnwrapNoCoerce.callConstructor(ConstructorSite.java:108)
at org.codehaus.groovy.runtime.callsite.CallSiteArray.defaultCallConstructor(CallSiteArray.java:57)
at org.codehaus.groovy.runtime.callsite.AbstractCallSite.callConstructor(AbstractCallSite.java:263)
at org.codehaus.groovy.runtime.callsite.AbstractCallSite.callConstructor(AbstractCallSite.java:277)
at io.restassured.internal.ResponseSpecificationImpl$HamcrestAssertionClosure.validate(ResponseSpecificationImpl.groovy:512)
at io.restassured.internal.ResponseSpecificationImpl$HamcrestAssertionClosure$validate$1.call(Unknown Source)
at io.restassured.internal.ResponseSpecificationImpl.validateResponseIfRequired(ResponseSpecificationImpl.groovy:696)
at io.restassured.internal.ResponseSpecificationImpl.this$2$validateResponseIfRequired(ResponseSpecificationImpl.groovy)
at org.codehaus.groovy.runtime.callsite.PlainObjectMetaMethodSite.doInvoke(PlainObjectMetaMethodSite.java:43)
at org.codehaus.groovy.runtime.callsite.PogoMetaMethodSite$PogoCachedMethodSiteNoUnwrapNoCoerce.invoke(PogoMetaMethodSite.java:198)
at org.codehaus.groovy.runtime.callsite.PogoMetaMethodSite.callCurrent(PogoMetaMethodSite.java:62)
at org.codehaus.groovy.runtime.callsite.AbstractCallSite.callCurrent(AbstractCallSite.java:185)
at io.restassured.internal.ResponseSpecificationImpl.statusCode(ResponseSpecificationImpl.groovy:135)
at io.restassured.specification.ResponseSpecification$statusCode$0.callCurrent(Unknown Source)
at io.restassured.internal.ResponseSpecificationImpl.statusCode(ResponseSpecificationImpl.groovy:143)
at io.restassured.internal.ValidatableResponseOptionsImpl.statusCode(ValidatableResponseOptionsImpl.java:89)
at apitestcase.Postreq.getdata(Postreq.java:46)
at java.base/java.util.ArrayList.forEach(ArrayList.java:1511)
... Removed 37 stack frames]]>
    </failure>
  </testcase> <!-- getdata -->
  <testcase classname="apitestcase.ApiPractice" name="createplace" time="0.376"/>
  <testcase classname="apitestcase.ApiPractice" name="updateplaceData" time="2.002"/>
  <testcase classname="apitestcase.ApiPractice" name="getplaceid" time="3.727"/>
  <testcase classname="apitestcase.ApiPractice" name="deleteplaceid" time="4.413"/>
  <testcase classname="apitestcase.Reqres" name="createdata" time="82.02"/>
  <testcase classname="apitestcase.Reqres" name="createdata" time="2.01"/>
  <testcase classname="apitestcase.Reqres" name="createdata" time="2.554"/>
  <testcase classname="apitestcase.Reqres" name="updatedata" time="2.321"/>
  <testcase classname="apitestcase.Reqres" name="Deletedata" time="1.08"/>
  <testcase classname="apitestcase.Reqres" name="Retrivedata" time="2.147"/>
</testsuite> <!-- Test -->
